# JRE version: Java(TM) SE Runtime Environment (8.0_111-b14) (build 1.8.0_111-b14)
# Java VM: Java HotSpot(TM) 64-Bit Server VM (25.111-b14 mixed mode windows-amd64 compressed oops)
Heap:
 PSYoungGen      total 120832K, used 50881K [0x00000000eaf00000, 0x00000000f3800000, 0x0000000100000000)
  eden space 119808K, 42% used [0x00000000eaf00000,0x00000000ee0b07b8,0x00000000f2400000)
  from space 1024K, 0% used [0x00000000f3700000,0x00000000f3700000,0x00000000f3800000)
  to   space 8704K, 0% used [0x00000000f2700000,0x00000000f2700000,0x00000000f2f80000)
 ParOldGen       total 33280K, used 5935K [0x00000000c0c00000, 0x00000000c2c80000, 0x00000000eaf00000)
  object space 33280K, 17% used [0x00000000c0c00000,0x00000000c11cbe20,0x00000000c2c80000)
 Metaspace       used 22168K, capacity 22838K, committed 22912K, reserved 1071104K
  class space    used 2960K, capacity 3149K, committed 3200K, reserved 1048576K
GC Heap History (10 events):
Event: 3.551 GC heap before
{Heap before GC invocations=4 (full 0):
 PSYoungGen      total 35328K, used 35290K [0x00000000eaf00000, 0x00000000ef400000, 0x0000000100000000)
  eden space 32768K, 99% used [0x00000000eaf00000,0x00000000ecefddb8,0x00000000ecf00000)
  from space 2560K, 98% used [0x00000000ecf00000,0x00000000ed178b18,0x00000000ed180000)
  to   space 2560K, 0% used [0x00000000ef180000,0x00000000ef180000,0x00000000ef400000)
 ParOldGen       total 44032K, used 3466K [0x00000000c0c00000, 0x00000000c3700000, 0x00000000eaf00000)
  object space 44032K, 7% used [0x00000000c0c00000,0x00000000c0f62948,0x00000000c3700000)
 Metaspace       used 15509K, capacity 15906K, committed 16128K, reserved 1062912K
  class space    used 2100K, capacity 2233K, committed 2304K, reserved 1048576K
Event: 3.570 GC heap after
Heap after GC invocations=4 (full 0):
 PSYoungGen      total 68096K, used 2546K [0x00000000eaf00000, 0x00000000ef400000, 0x0000000100000000)
  eden space 65536K, 0% used [0x00000000eaf00000,0x00000000eaf00000,0x00000000eef00000)
  from space 2560K, 99% used [0x00000000ef180000,0x00000000ef3fcb08,0x00000000ef400000)
  to   space 2560K, 0% used [0x00000000eef00000,0x00000000eef00000,0x00000000ef180000)
 ParOldGen       total 44032K, used 5764K [0x00000000c0c00000, 0x00000000c3700000, 0x00000000eaf00000)
  object space 44032K, 13% used [0x00000000c0c00000,0x00000000c11a1248,0x00000000c3700000)
 Metaspace       used 15509K, capacity 15906K, committed 16128K, reserved 1062912K
  class space    used 2100K, capacity 2233K, committed 2304K, reserved 1048576K
}
Event: 4.477 GC heap before
{Heap before GC invocations=5 (full 0):
 PSYoungGen      total 68096K, used 54357K [0x00000000eaf00000, 0x00000000ef400000, 0x0000000100000000)
  eden space 65536K, 79% used [0x00000000eaf00000,0x00000000ee1989e8,0x00000000eef00000)
  from space 2560K, 99% used [0x00000000ef180000,0x00000000ef3fcb08,0x00000000ef400000)
  to   space 2560K, 0% used [0x00000000eef00000,0x00000000eef00000,0x00000000ef180000)
 ParOldGen       total 44032K, used 5764K [0x00000000c0c00000, 0x00000000c3700000, 0x00000000eaf00000)
  object space 44032K, 13% used [0x00000000c0c00000,0x00000000c11a1248,0x00000000c3700000)
 Metaspace       used 20473K, capacity 21068K, committed 21248K, reserved 1067008K
  class space    used 2749K, capacity 2948K, committed 3072K, reserved 1048576K
Event: 4.833 GC heap after
Heap after GC invocations=5 (full 0):
 PSYoungGen      total 68096K, used 2544K [0x00000000eaf00000, 0x00000000f3f00000, 0x0000000100000000)
  eden space 65536K, 0% used [0x00000000eaf00000,0x00000000eaf00000,0x00000000eef00000)
  from space 2560K, 99% used [0x00000000eef00000,0x00000000ef17c030,0x00000000ef180000)
  to   space 8192K, 0% used [0x00000000f3700000,0x00000000f3700000,0x00000000f3f00000)
 ParOldGen       total 44032K, used 10566K [0x00000000c0c00000, 0x00000000c3700000, 0x00000000eaf00000)
  object space 44032K, 23% used [0x00000000c0c00000,0x00000000c1651920,0x00000000c3700000)
 Metaspace       used 20473K, capacity 21068K, committed 21248K, reserved 1067008K
  class space    used 2749K, capacity 2948K, committed 3072K, reserved 1048576K
}
Event: 4.833 GC heap before
{Heap before GC invocations=6 (full 1):
 PSYoungGen      total 68096K, used 2544K [0x00000000eaf00000, 0x00000000f3f00000, 0x0000000100000000)
  eden space 65536K, 0% used [0x00000000eaf00000,0x00000000eaf00000,0x00000000eef00000)
  from space 2560K, 99% used [0x00000000eef00000,0x00000000ef17c030,0x00000000ef180000)
  to   space 8192K, 0% used [0x00000000f3700000,0x00000000f3700000,0x00000000f3f00000)
 ParOldGen       total 44032K, used 10566K [0x00000000c0c00000, 0x00000000c3700000, 0x00000000eaf00000)
  object space 44032K, 23% used [0x00000000c0c00000,0x00000000c1651920,0x00000000c3700000)
 Metaspace       used 20473K, capacity 21068K, committed 21248K, reserved 1067008K
  class space    used 2749K, capacity 2948K, committed 3072K, reserved 1048576K
Event: 4.913 GC heap after
Heap after GC invocations=6 (full 1):
 PSYoungGen      total 68096K, used 0K [0x00000000eaf00000, 0x00000000f3f00000, 0x0000000100000000)
  eden space 65536K, 0% used [0x00000000eaf00000,0x00000000eaf00000,0x00000000eef00000)
  from space 2560K, 0% used [0x00000000eef00000,0x00000000eef00000,0x00000000ef180000)
  to   space 8192K, 0% used [0x00000000f3700000,0x00000000f3700000,0x00000000f3f00000)
 ParOldGen       total 33280K, used 8584K [0x00000000c0c00000, 0x00000000c2c80000, 0x00000000eaf00000)
  object space 33280K, 25% used [0x00000000c0c00000,0x00000000c14620b8,0x00000000c2c80000)
 Metaspace       used 20473K, capacity 21068K, committed 21248K, reserved 1067008K
  class space    used 2749K, capacity 2948K, committed 3072K, reserved 1048576K
}
Event: 4.984 GC heap before
{Heap before GC invocations=7 (full 1):
 PSYoungGen      total 68096K, used 7699K [0x00000000eaf00000, 0x00000000f3f00000, 0x0000000100000000)
  eden space 65536K, 11% used [0x00000000eaf00000,0x00000000eb684c60,0x00000000eef00000)
  from space 2560K, 0% used [0x00000000eef00000,0x00000000eef00000,0x00000000ef180000)
  to   space 8192K, 0% used [0x00000000f3700000,0x00000000f3700000,0x00000000f3f00000)
 ParOldGen       total 33280K, used 8584K [0x00000000c0c00000, 0x00000000c2c80000, 0x00000000eaf00000)
  object space 33280K, 25% used [0x00000000c0c00000,0x00000000c14620b8,0x00000000c2c80000)
 Metaspace       used 21333K, capacity 21896K, committed 22016K, reserved 1073152K
  class space    used 2861K, capacity 3050K, committed 3072K, reserved 1048576K
Event: 4.987 GC heap after
Heap after GC invocations=7 (full 1):
 PSYoungGen      total 120832K, used 884K [0x00000000eaf00000, 0x00000000f3800000, 0x0000000100000000)
  eden space 119808K, 0% used [0x00000000eaf00000,0x00000000eaf00000,0x00000000f2400000)
  from space 1024K, 86% used [0x00000000f3700000,0x00000000f37dd388,0x00000000f3800000)
  to   space 8704K, 0% used [0x00000000f2700000,0x00000000f2700000,0x00000000f2f80000)
 ParOldGen       total 33280K, used 8648K [0x00000000c0c00000, 0x00000000c2c80000, 0x00000000eaf00000)
  object space 33280K, 25% used [0x00000000c0c00000,0x00000000c14720c8,0x00000000c2c80000)
 Metaspace       used 21333K, capacity 21896K, committed 22016K, reserved 1073152K
  class space    used 2861K, capacity 3050K, committed 3072K, reserved 1048576K
}
Event: 4.987 GC heap before
{Heap before GC invocations=8 (full 2):
 PSYoungGen      total 120832K, used 884K [0x00000000eaf00000, 0x00000000f3800000, 0x0000000100000000)
  eden space 119808K, 0% used [0x00000000eaf00000,0x00000000eaf00000,0x00000000f2400000)
  from space 1024K, 86% used [0x00000000f3700000,0x00000000f37dd388,0x00000000f3800000)
  to   space 8704K, 0% used [0x00000000f2700000,0x00000000f2700000,0x00000000f2f80000)
 ParOldGen       total 33280K, used 8648K [0x00000000c0c00000, 0x00000000c2c80000, 0x00000000eaf00000)
  object space 33280K, 25% used [0x00000000c0c00000,0x00000000c14720c8,0x00000000c2c80000)
 Metaspace       used 21333K, capacity 21896K, committed 22016K, reserved 1073152K
  class space    used 2861K, capacity 3050K, committed 3072K, reserved 1048576K
Event: 5.024 GC heap after
Heap after GC invocations=8 (full 2):
 PSYoungGen      total 120832K, used 0K [0x00000000eaf00000, 0x00000000f3800000, 0x0000000100000000)
  eden space 119808K, 0% used [0x00000000eaf00000,0x00000000eaf00000,0x00000000f2400000)
  from space 1024K, 0% used [0x00000000f3700000,0x00000000f3700000,0x00000000f3800000)
  to   space 8704K, 0% used [0x00000000f2700000,0x00000000f2700000,0x00000000f2f80000)
 ParOldGen       total 33280K, used 5935K [0x00000000c0c00000, 0x00000000c2c80000, 0x00000000eaf00000)
  object space 33280K, 17% used [0x00000000c0c00000,0x00000000c11cbe20,0x00000000c2c80000)
 Metaspace       used 21333K, capacity 21896K, committed 22016K, reserved 1071104K
  class space    used 2861K, capacity 3050K, committed 3072K, reserved 1048576K
}

