# JRE version: Java(TM) SE Runtime Environment (8.0_111-b14) (build 1.8.0_111-b14)
# Java VM: Java HotSpot(TM) 64-Bit Server VM (25.111-b14 mixed mode windows-amd64 compressed oops)
Heap:
 PSYoungGen      total 35328K, used 29241K [0x00000000eaf00000, 0x00000000eee80000, 0x0000000100000000)
  eden space 32768K, 87% used [0x00000000eaf00000,0x00000000ecade200,0x00000000ecf00000)
  from space 2560K, 27% used [0x00000000ecf00000,0x00000000ecfb05b8,0x00000000ed180000)
  to   space 7168K, 3% used [0x00000000ee780000,0x00000000ee7c0000,0x00000000eee80000)
 ParOldGen       total 27136K, used 5545K [0x00000000c0c00000, 0x00000000c2680000, 0x00000000eaf00000)
  object space 27136K, 20% used [0x00000000c0c00000,0x00000000c116a730,0x00000000c2680000)
 Metaspace       used 21358K, capacity 21952K, committed 22016K, reserved 1073152K
  class space    used 2839K, capacity 3042K, committed 3072K, reserved 1048576K
GC Heap History (10 events):
Event: 4.000 GC heap before
{Heap before GC invocations=6 (full 0):
 PSYoungGen      total 35328K, used 35312K [0x00000000eaf00000, 0x00000000ed400000, 0x0000000100000000)
  eden space 32768K, 100% used [0x00000000eaf00000,0x00000000ecf00000,0x00000000ecf00000)
  from space 2560K, 99% used [0x00000000ecf00000,0x00000000ed17c0f8,0x00000000ed180000)
  to   space 2560K, 0% used [0x00000000ed180000,0x00000000ed180000,0x00000000ed400000)
 ParOldGen       total 44032K, used 5824K [0x00000000c0c00000, 0x00000000c3700000, 0x00000000eaf00000)
  object space 44032K, 13% used [0x00000000c0c00000,0x00000000c11b0290,0x00000000c3700000)
 Metaspace       used 18484K, capacity 18996K, committed 19072K, reserved 1064960K
  class space    used 2475K, capacity 2638K, committed 2688K, reserved 1048576K
Event: 4.019 GC heap after
Heap after GC invocations=6 (full 0):
 PSYoungGen      total 35328K, used 2544K [0x00000000eaf00000, 0x00000000ed400000, 0x0000000100000000)
  eden space 32768K, 0% used [0x00000000eaf00000,0x00000000eaf00000,0x00000000ecf00000)
  from space 2560K, 99% used [0x00000000ed180000,0x00000000ed3fc010,0x00000000ed400000)
  to   space 2560K, 0% used [0x00000000ecf00000,0x00000000ecf00000,0x00000000ed180000)
 ParOldGen       total 44032K, used 8818K [0x00000000c0c00000, 0x00000000c3700000, 0x00000000eaf00000)
  object space 44032K, 20% used [0x00000000c0c00000,0x00000000c149c930,0x00000000c3700000)
 Metaspace       used 18484K, capacity 18996K, committed 19072K, reserved 1064960K
  class space    used 2475K, capacity 2638K, committed 2688K, reserved 1048576K
}
Event: 4.070 GC heap before
{Heap before GC invocations=7 (full 0):
 PSYoungGen      total 35328K, used 9370K [0x00000000eaf00000, 0x00000000ed400000, 0x0000000100000000)
  eden space 32768K, 20% used [0x00000000eaf00000,0x00000000eb5aaaa0,0x00000000ecf00000)
  from space 2560K, 99% used [0x00000000ed180000,0x00000000ed3fc010,0x00000000ed400000)
  to   space 2560K, 0% used [0x00000000ecf00000,0x00000000ecf00000,0x00000000ed180000)
 ParOldGen       total 44032K, used 8818K [0x00000000c0c00000, 0x00000000c3700000, 0x00000000eaf00000)
  object space 44032K, 20% used [0x00000000c0c00000,0x00000000c149c930,0x00000000c3700000)
 Metaspace       used 19114K, capacity 19644K, committed 19840K, reserved 1067008K
  class space    used 2539K, capacity 2678K, committed 2688K, reserved 1048576K
Event: 4.140 GC heap after
Heap after GC invocations=7 (full 0):
 PSYoungGen      total 35328K, used 2478K [0x00000000eaf00000, 0x00000000ed400000, 0x0000000100000000)
  eden space 32768K, 0% used [0x00000000eaf00000,0x00000000eaf00000,0x00000000ecf00000)
  from space 2560K, 96% used [0x00000000ecf00000,0x00000000ed16b950,0x00000000ed180000)
  to   space 2560K, 0% used [0x00000000ed180000,0x00000000ed180000,0x00000000ed400000)
 ParOldGen       total 44032K, used 9838K [0x00000000c0c00000, 0x00000000c3700000, 0x00000000eaf00000)
  object space 44032K, 22% used [0x00000000c0c00000,0x00000000c159bb38,0x00000000c3700000)
 Metaspace       used 19114K, capacity 19644K, committed 19840K, reserved 1067008K
  class space    used 2539K, capacity 2678K, committed 2688K, reserved 1048576K
}
Event: 4.140 GC heap before
{Heap before GC invocations=8 (full 1):
 PSYoungGen      total 35328K, used 2478K [0x00000000eaf00000, 0x00000000ed400000, 0x0000000100000000)
  eden space 32768K, 0% used [0x00000000eaf00000,0x00000000eaf00000,0x00000000ecf00000)
  from space 2560K, 96% used [0x00000000ecf00000,0x00000000ed16b950,0x00000000ed180000)
  to   space 2560K, 0% used [0x00000000ed180000,0x00000000ed180000,0x00000000ed400000)
 ParOldGen       total 44032K, used 9838K [0x00000000c0c00000, 0x00000000c3700000, 0x00000000eaf00000)
  object space 44032K, 22% used [0x00000000c0c00000,0x00000000c159bb38,0x00000000c3700000)
 Metaspace       used 19114K, capacity 19644K, committed 19840K, reserved 1067008K
  class space    used 2539K, capacity 2678K, committed 2688K, reserved 1048576K
Event: 4.201 GC heap after
Heap after GC invocations=8 (full 1):
 PSYoungGen      total 35328K, used 0K [0x00000000eaf00000, 0x00000000ed400000, 0x0000000100000000)
  eden space 32768K, 0% used [0x00000000eaf00000,0x00000000eaf00000,0x00000000ecf00000)
  from space 2560K, 0% used [0x00000000ecf00000,0x00000000ecf00000,0x00000000ed180000)
  to   space 2560K, 0% used [0x00000000ed180000,0x00000000ed180000,0x00000000ed400000)
 ParOldGen       total 27136K, used 5537K [0x00000000c0c00000, 0x00000000c2680000, 0x00000000eaf00000)
  object space 27136K, 20% used [0x00000000c0c00000,0x00000000c1168730,0x00000000c2680000)
 Metaspace       used 19114K, capacity 19644K, committed 19840K, reserved 1067008K
  class space    used 2539K, capacity 2678K, committed 2688K, reserved 1048576K
}
Event: 4.201 GC heap before
{Heap before GC invocations=9 (full 1):
 PSYoungGen      total 35328K, used 369K [0x00000000eaf00000, 0x00000000ed400000, 0x0000000100000000)
  eden space 32768K, 1% used [0x00000000eaf00000,0x00000000eaf5c650,0x00000000ecf00000)
  from space 2560K, 0% used [0x00000000ecf00000,0x00000000ecf00000,0x00000000ed180000)
  to   space 2560K, 0% used [0x00000000ed180000,0x00000000ed180000,0x00000000ed400000)
 ParOldGen       total 27136K, used 5537K [0x00000000c0c00000, 0x00000000c2680000, 0x00000000eaf00000)
  object space 27136K, 20% used [0x00000000c0c00000,0x00000000c1168730,0x00000000c2680000)
 Metaspace       used 19115K, capacity 19676K, committed 19968K, reserved 1067008K
  class space    used 2540K, capacity 2710K, committed 2816K, reserved 1048576K
Event: 4.207 GC heap after
Heap after GC invocations=9 (full 1):
 PSYoungGen      total 35328K, used 64K [0x00000000eaf00000, 0x00000000ed400000, 0x0000000100000000)
  eden space 32768K, 0% used [0x00000000eaf00000,0x00000000eaf00000,0x00000000ecf00000)
  from space 2560K, 2% used [0x00000000ed180000,0x00000000ed190000,0x00000000ed400000)
  to   space 2560K, 0% used [0x00000000ecf00000,0x00000000ecf00000,0x00000000ed180000)
 ParOldGen       total 27136K, used 5537K [0x00000000c0c00000, 0x00000000c2680000, 0x00000000eaf00000)
  object space 27136K, 20% used [0x00000000c0c00000,0x00000000c1168730,0x00000000c2680000)
 Metaspace       used 19115K, capacity 19676K, committed 19968K, reserved 1067008K
  class space    used 2540K, capacity 2710K, committed 2816K, reserved 1048576K
}
Event: 4.240 GC heap before
{Heap before GC invocations=10 (full 1):
 PSYoungGen      total 35328K, used 32826K [0x00000000eaf00000, 0x00000000ed400000, 0x0000000100000000)
  eden space 32768K, 99% used [0x00000000eaf00000,0x00000000ecefeb38,0x00000000ecf00000)
  from space 2560K, 2% used [0x00000000ed180000,0x00000000ed190000,0x00000000ed400000)
  to   space 2560K, 0% used [0x00000000ecf00000,0x00000000ecf00000,0x00000000ed180000)
 ParOldGen       total 27136K, used 5537K [0x00000000c0c00000, 0x00000000c2680000, 0x00000000eaf00000)
  object space 27136K, 20% used [0x00000000c0c00000,0x00000000c1168730,0x00000000c2680000)
 Metaspace       used 19419K, capacity 19964K, committed 20224K, reserved 1067008K
  class space    used 2596K, capacity 2742K, committed 2816K, reserved 1048576K
Event: 4.241 GC heap after
Heap after GC invocations=10 (full 1):
 PSYoungGen      total 35328K, used 705K [0x00000000eaf00000, 0x00000000eee80000, 0x0000000100000000)
  eden space 32768K, 0% used [0x00000000eaf00000,0x00000000eaf00000,0x00000000ecf00000)
  from space 2560K, 27% used [0x00000000ecf00000,0x00000000ecfb05b8,0x00000000ed180000)
  to   space 7168K, 0% used [0x00000000ee780000,0x00000000ee780000,0x00000000eee80000)
 ParOldGen       total 27136K, used 5537K [0x00000000c0c00000, 0x00000000c2680000, 0x00000000eaf00000)
  object space 27136K, 20% used [0x00000000c0c00000,0x00000000c1168730,0x00000000c2680000)
 Metaspace       used 19419K, capacity 19964K, committed 20224K, reserved 1067008K
  class space    used 2596K, capacity 2742K, committed 2816K, reserved 1048576K
}

